<!doctype html>
<html lang="en"><head><meta charSet="utf-8"/><meta http-equiv="X-UA-Compatible" content="IE=edge"/><meta name="viewport" content="width=device-width, initial-scale=1"/><title>Mochawesome Report</title><link rel="stylesheet" href="assets\app.css"/></head><body data-raw="{&quot;stats&quot;:{&quot;suites&quot;:1,&quot;tests&quot;:0,&quot;passes&quot;:0,&quot;pending&quot;:0,&quot;failures&quot;:0,&quot;start&quot;:&quot;2025-12-03T18:16:55.598Z&quot;,&quot;end&quot;:&quot;2025-12-03T18:17:12.420Z&quot;,&quot;duration&quot;:16822,&quot;testsRegistered&quot;:1,&quot;passPercent&quot;:0,&quot;pendingPercent&quot;:0,&quot;other&quot;:2,&quot;hasOther&quot;:true,&quot;skipped&quot;:0,&quot;hasSkipped&quot;:false},&quot;results&quot;:[{&quot;uuid&quot;:&quot;9c08a1de-41d1-498c-97b5-ab96c405f4df&quot;,&quot;title&quot;:&quot;&quot;,&quot;fullFile&quot;:&quot;cypress\\e2e\\week-7\\q1-before.cy.js&quot;,&quot;file&quot;:&quot;cypress\\e2e\\week-7\\q1-before.cy.js&quot;,&quot;beforeHooks&quot;:[],&quot;afterHooks&quot;:[],&quot;tests&quot;:[],&quot;suites&quot;:[{&quot;uuid&quot;:&quot;083c4b28-a26b-48d9-84f6-5ab03d6848dd&quot;,&quot;title&quot;:&quot;Evangadi Authentication Flow with Before &amp; After Hooks&quot;,&quot;fullFile&quot;:&quot;&quot;,&quot;file&quot;:&quot;&quot;,&quot;beforeHooks&quot;:[],&quot;afterHooks&quot;:[],&quot;tests&quot;:[{&quot;title&quot;:&quot;Should allow access to authenticated pages&quot;,&quot;fullTitle&quot;:&quot;Evangadi Authentication Flow with Before &amp; After Hooks Should allow access to authenticated pages&quot;,&quot;duration&quot;:4420,&quot;state&quot;:&quot;failed&quot;,&quot;pass&quot;:false,&quot;fail&quot;:true,&quot;pending&quot;:false,&quot;code&quot;:&quot;cy.visit(\&quot;https://www.evangadi.com/welcome\&quot;);\ncy.contains(\&quot;Welcome\&quot;).should(\&quot;be.visible\&quot;);&quot;,&quot;err&quot;:{&quot;message&quot;:&quot;AssertionError: Timed out retrying after 4000ms: Expected to find element: `span[role=\&quot;button\&quot;]`, but never found it.\n\nBecause this error occurred during a `after all` hook we are skipping the remaining tests in the current suite: `Evangadi Authentication Flo...`\n\nAlthough you have test retries enabled, we do not retry tests when `before all` or `after all` hooks fail&quot;,&quot;estack&quot;:&quot;AssertionError: Timed out retrying after 4000ms: Expected to find element: `span[role=\&quot;button\&quot;]`, but never found it.\n\nBecause this error occurred during a `after all` hook we are skipping the remaining tests in the current suite: `Evangadi Authentication Flo...`\n\nAlthough you have test retries enabled, we do not retry tests when `before all` or `after all` hooks fail\n    at Context.eval (webpack://cypress_form_automation/./cypress/e2e/week-7/q1-before.cy.js:30:7)&quot;},&quot;uuid&quot;:&quot;3b779142-b0b9-4c76-a398-4a034baf03dd&quot;,&quot;parentUUID&quot;:&quot;083c4b28-a26b-48d9-84f6-5ab03d6848dd&quot;,&quot;isHook&quot;:false,&quot;skipped&quot;:false}],&quot;suites&quot;:[],&quot;passes&quot;:[],&quot;failures&quot;:[&quot;3b779142-b0b9-4c76-a398-4a034baf03dd&quot;],&quot;pending&quot;:[],&quot;skipped&quot;:[],&quot;duration&quot;:4420,&quot;root&quot;:false,&quot;rootEmpty&quot;:false,&quot;_timeout&quot;:2000}],&quot;passes&quot;:[],&quot;failures&quot;:[],&quot;pending&quot;:[],&quot;skipped&quot;:[],&quot;duration&quot;:0,&quot;root&quot;:true,&quot;rootEmpty&quot;:true,&quot;_timeout&quot;:2000}],&quot;meta&quot;:{&quot;mocha&quot;:{&quot;version&quot;:&quot;7.2.0&quot;},&quot;mochawesome&quot;:{&quot;options&quot;:{&quot;quiet&quot;:false,&quot;reportFilename&quot;:&quot;mochawesome&quot;,&quot;saveHtml&quot;:true,&quot;saveJson&quot;:true,&quot;consoleReporter&quot;:&quot;spec&quot;,&quot;useInlineDiffs&quot;:false,&quot;code&quot;:true},&quot;version&quot;:&quot;7.1.4&quot;},&quot;marge&quot;:{&quot;options&quot;:{&quot;reportDir&quot;:&quot;cypress/reports&quot;,&quot;overWrite&quot;:false,&quot;html&quot;:true,&quot;json&quot;:true},&quot;version&quot;:&quot;6.3.2&quot;}}}" data-config="{&quot;reportFilename&quot;:&quot;mochawesome&quot;,&quot;reportDir&quot;:&quot;cypress/reports&quot;,&quot;reportTitle&quot;:&quot;QA-excercise6&quot;,&quot;reportPageTitle&quot;:&quot;Mochawesome Report&quot;,&quot;inline&quot;:false,&quot;inlineAssets&quot;:false,&quot;cdn&quot;:false,&quot;charts&quot;:false,&quot;enableCharts&quot;:false,&quot;code&quot;:true,&quot;enableCode&quot;:true,&quot;autoOpen&quot;:false,&quot;overwrite&quot;:true,&quot;timestamp&quot;:false,&quot;ts&quot;:false,&quot;showPassed&quot;:true,&quot;showFailed&quot;:true,&quot;showPending&quot;:true,&quot;showSkipped&quot;:false,&quot;showHooks&quot;:&quot;failed&quot;,&quot;saveJson&quot;:true,&quot;saveHtml&quot;:true,&quot;dev&quot;:false,&quot;assetsDir&quot;:&quot;cypress\\reports\\assets&quot;,&quot;jsonFile&quot;:&quot;C:\\Users\\ethio\\OneDrive\\Desktop\\cypress-assignments\\QA-excercise6\\cypress\\reports\\mochawesome.json&quot;,&quot;htmlFile&quot;:&quot;C:\\Users\\ethio\\OneDrive\\Desktop\\cypress-assignments\\QA-excercise6\\cypress\\reports\\mochawesome.html&quot;}"><div id="report"></div><script src="assets\app.js"></script></body></html>